2016-03-21 21:55:16 - [ EMAIL SEND FAILURE ]  | Unable to send email.Error :- "SMTP Error: Could not connect to SMTP host." Details : To jnjuki103@gmail.com Subject :User Creation information Message :<p><span style="font-family:Trebuchet MS, Verdana, Arial; font-size:17px; font-weight:bold;"> Dear Josiah Njuki</span>,</p>
                                            <br />
                                            <div>You have successfully been registered successfully on NCC Portal.</div>
                                            <p>Your credentials are</p>
                                            <br />
                                            <div style="padding-left:20px; padding-bottom:10px;">&nbsp;&nbsp;&nbsp;Username -<b> jnjuks</b></div>
                                            <div style="padding-left:20px; padding-bottom:10px;">&nbsp;&nbsp;&nbsp;Password - <b>muGukO</b></div>
	
	
                                            <br />
                                            <div>Thankyou</div>
                                            <br />
                                            <div style="color:blue"><i>NCC Portal</i></div>
                       
                                             
2016-03-21 22:21:57 - [ EMAIL SEND FAILURE ]  | Unable to send email.Error :- "SMTP Error: Could not connect to SMTP host." Details : To abukasozi@gmail.com Subject :Password reset information Message :</p><span style="font-family:Trebuchet MS, Verdana, Arial; font-size:17px; font-weight:bold;"> Dear Abu Kasozi</span>,</p>
                                            <br />
                                            <div>Your password for NCC Portal was successfully reset.</div>
                                            <p>Your new password is </p>
                                            <br />
                                            <div style="padding-left:20px; padding-bottom:10px;">&nbsp;&nbsp;&nbsp;New password - <b>cmxNHi</b></div>
	
	
                                            <br />
                                            <div>Stay Logged</div>
                                            <br />
                                            <div style="color:blue"><i>NCC Portal</i></div>
                       
                                             
2016-03-21 22:21:57 - [ EMAIL SEND FAILURE ]  | Unable to send email.Error :- "SMTP Error: Could not connect to SMTP host." Details : To abukasozi@gmail.com Subject :Password reset information Message :</p><span style="font-family:Trebuchet MS, Verdana, Arial; font-size:17px; font-weight:bold;"> Dear Abu Kasozi</span>,</p>
                                            <br />
                                            <div>Your password for NCC Portal was successfully reset.</div>
                                            <p>Your new password is </p>
                                            <br />
                                            <div style="padding-left:20px; padding-bottom:10px;">&nbsp;&nbsp;&nbsp;New password - <b>Z6d5lw</b></div>
	
	
                                            <br />
                                            <div>Stay Logged</div>
                                            <br />
                                            <div style="color:blue"><i>NCC Portal</i></div>
                       
                                             
2016-03-21 22:22:19 - [ EMAIL SEND FAILURE ]  | Unable to send email.Error :- "SMTP Error: Could not connect to SMTP host." Details : To abukasozi@gmail.com Subject :Password reset information Message :</p><span style="font-family:Trebuchet MS, Verdana, Arial; font-size:17px; font-weight:bold;"> Dear Abu Kasozi</span>,</p>
                                            <br />
                                            <div>Your password for NCC Portal was successfully reset.</div>
                                            <p>Your new password is </p>
                                            <br />
                                            <div style="padding-left:20px; padding-bottom:10px;">&nbsp;&nbsp;&nbsp;New password - <b>Xoc4mu</b></div>
	
	
                                            <br />
                                            <div>Stay Logged</div>
                                            <br />
                                            <div style="color:blue"><i>NCC Portal</i></div>
                       
                                             
2016-03-21 22:23:00 - [ EMAIL SEND FAILURE ]  | Unable to send email.Error :- "SMTP Error: Could not connect to SMTP host." Details : To abukasozi@gmail.com Subject :Password reset information Message :</p><span style="font-family:Trebuchet MS, Verdana, Arial; font-size:17px; font-weight:bold;"> Dear Abu Kasozi</span>,</p>
                                            <br />
                                            <div>Your password for NCC Portal was successfully reset.</div>
                                            <p>Your new password is </p>
                                            <br />
                                            <div style="padding-left:20px; padding-bottom:10px;">&nbsp;&nbsp;&nbsp;New password - <b>c2fepe</b></div>
	
	
                                            <br />
                                            <div>Stay Logged</div>
                                            <br />
                                            <div style="color:blue"><i>NCC Portal</i></div>
                       
                                             
2016-03-21 22:23:03 - [ EMAIL SEND FAILURE ]  | Unable to send email.Error :- "SMTP Error: Could not connect to SMTP host." Details : To abukasozi@gmail.com Subject :Password reset information Message :</p><span style="font-family:Trebuchet MS, Verdana, Arial; font-size:17px; font-weight:bold;"> Dear Abu Kasozi</span>,</p>
                                            <br />
                                            <div>Your password for NCC Portal was successfully reset.</div>
                                            <p>Your new password is </p>
                                            <br />
                                            <div style="padding-left:20px; padding-bottom:10px;">&nbsp;&nbsp;&nbsp;New password - <b>BlGftE</b></div>
	
	
                                            <br />
                                            <div>Stay Logged</div>
                                            <br />
                                            <div style="color:blue"><i>NCC Portal</i></div>
                       
                                             
2016-03-21 22:23:05 - [ EMAIL SEND FAILURE ]  | Unable to send email.Error :- "SMTP Error: Could not connect to SMTP host." Details : To abukasozi@gmail.com Subject :Password reset information Message :</p><span style="font-family:Trebuchet MS, Verdana, Arial; font-size:17px; font-weight:bold;"> Dear Abu Kasozi</span>,</p>
                                            <br />
                                            <div>Your password for NCC Portal was successfully reset.</div>
                                            <p>Your new password is </p>
                                            <br />
                                            <div style="padding-left:20px; padding-bottom:10px;">&nbsp;&nbsp;&nbsp;New password - <b>mic1sU</b></div>
	
	
                                            <br />
                                            <div>Stay Logged</div>
                                            <br />
                                            <div style="color:blue"><i>NCC Portal</i></div>
                       
                                             
2016-03-21 22:23:13 - [ EMAIL SEND FAILURE ]  | Unable to send email.Error :- "SMTP Error: Could not connect to SMTP host." Details : To abukasozi@gmail.com Subject :Password reset information Message :</p><span style="font-family:Trebuchet MS, Verdana, Arial; font-size:17px; font-weight:bold;"> Dear Abu Kasozi</span>,</p>
                                            <br />
                                            <div>Your password for NCC Portal was successfully reset.</div>
                                            <p>Your new password is </p>
                                            <br />
                                            <div style="padding-left:20px; padding-bottom:10px;">&nbsp;&nbsp;&nbsp;New password - <b>fsdftH</b></div>
	
	
                                            <br />
                                            <div>Stay Logged</div>
                                            <br />
                                            <div style="color:blue"><i>NCC Portal</i></div>
                       
                                             
2016-03-21 22:30:17 - [ EMAIL SEND FAILURE ]  | Unable to send email.Error :- "SMTP Error: Could not connect to SMTP host." Details : To abukasozi@gmail.com Subject :Password reset information Message :</p><span style="font-family:Trebuchet MS, Verdana, Arial; font-size:17px; font-weight:bold;"> Dear Abu Kasozi</span>,</p>
                                            <br />
                                            <div>Your password for NCC Portal was successfully reset.</div>
                                            <p>Your new password is </p>
                                            <br />
                                            <div style="padding-left:20px; padding-bottom:10px;">&nbsp;&nbsp;&nbsp;New password - <b>kUSaji</b></div>
	
	
                                            <br />
                                            <div>Stay Logged</div>
                                            <br />
                                            <div style="color:blue"><i>NCC Portal</i></div>
                       
                                             
2016-03-21 22:32:19 - [ EMAIL SEND FAILURE ]  | Unable to send email.Error :- "SMTP Error: Could not connect to SMTP host." Details : To abukasozi@gmail.com Subject :Password reset information Message :</p><span style="font-family:Trebuchet MS, Verdana, Arial; font-size:17px; font-weight:bold;"> Dear Abu Kasozi</span>,</p>
                                            <br />
                                            <div>Your password for NCC Portal was successfully reset.</div>
                                            <p>Your new password is </p>
                                            <br />
                                            <div style="padding-left:20px; padding-bottom:10px;">&nbsp;&nbsp;&nbsp;New password - <b>g0tazm</b></div>
	
	
                                            <br />
                                            <div>Stay Logged</div>
                                            <br />
                                            <div style="color:blue"><i>NCC Portal</i></div>
                       
                                             
2016-03-21 22:32:53 - [ EMAIL SEND FAILURE ]  | Unable to send email.Error :- "SMTP Error: Could not connect to SMTP host." Details : To abukasozi@gmail.com Subject :Password reset information Message :</p><span style="font-family:Trebuchet MS, Verdana, Arial; font-size:17px; font-weight:bold;"> Dear Abu Kasozi</span>,</p>
                                            <br />
                                            <div>Your password for NCC Portal was successfully reset.</div>
                                            <p>Your new password is </p>
                                            <br />
                                            <div style="padding-left:20px; padding-bottom:10px;">&nbsp;&nbsp;&nbsp;New password - <b>xenihw</b></div>
	
	
                                            <br />
                                            <div>Stay Logged</div>
                                            <br />
                                            <div style="color:blue"><i>NCC Portal</i></div>
                       
                                             
2016-03-21 22:35:10 - [ EMAIL SEND FAILURE ]  | Unable to send email.Error :- "SMTP Error: Could not connect to SMTP host." Details : To jnjuki103@gmail.com Subject :Password reset information Message :</p><span style="font-family:Trebuchet MS, Verdana, Arial; font-size:17px; font-weight:bold;"> Dear Josiah Njuki</span>,</p>
                                            <br />
                                            <div>Your password for NCC Portal was successfully reset.</div>
                                            <p>Your new password is </p>
                                            <br />
                                            <div style="padding-left:20px; padding-bottom:10px;">&nbsp;&nbsp;&nbsp;New password - <b>znsaym</b></div>
	
	
                                            <br />
                                            <div>Stay Logged</div>
                                            <br />
                                            <div style="color:blue"><i>NCC Portal</i></div>
                       
                                             
2016-03-21 22:42:20 - [ EMAIL SEND FAILURE ]  | Unable to send email.Error :- "SMTP Error: Could not connect to SMTP host." Details : To jnjuki103@gmail.com Subject :Password reset information Message :</p><span style="font-family:Trebuchet MS, Verdana, Arial; font-size:17px; font-weight:bold;"> Dear Josiah Njuki</span>,</p>
                                            <br />
                                            <div>Your password for NCC Portal was successfully reset.</div>
                                            <p>Your new password is </p>
                                            <br />
                                            <div style="padding-left:20px; padding-bottom:10px;">&nbsp;&nbsp;&nbsp;New password - <b>letmbu</b></div>
	
	
                                            <br />
                                            <div>Stay Logged</div>
                                            <br />
                                            <div style="color:blue"><i>NCC Portal</i></div>
                       
                                             
